content://com.google.android.apps.photos.contentprovider/0/1/mediakey%3A%2Flocal%253A9b40cd99-70db-4701-84c5-04306e5fd837/ORIGINAL/NONE/547684000 evo-lutio/images/comments/706087-066
content://com.google.android.apps.photos.contentprovider/0/1/mediakey%3A%2Flocal%253A9b40cd99-70db-4701-84c5-04306e5fd837/ORIGINAL/NONE/547684000 evo-lutio/images/comments/706087-066
[URL=http://www.radikal.ru][IMG]https://a.radikal.ru/a40/1801/db/57100a071e2a.jpg[/IMG][/URL] evo-lutio/images/comments/613782-002.URL]
 evo-lutio/images/comments/552961-008
 evo-lutio/images/comments/545650-002
https://kp.cdn.yandex.net/568018/1_37070.jpg evo-lutio/images/comments/537722-081.jpg
 evo-lutio/images/comments/537722-118
 evo-lutio/images/comments/537722-130
 evo-lutio/images/comments/537722-134
 evo-lutio/images/comments/529909-007
 evo-lutio/images/comments/529909-055
 evo-lutio/images/comments/529909-057
/storage/emulated/0/Download/lj_1368531998_2.jpg evo-lutio/images/comments/529909-069.jpg
content://com.google.android.apps.photos.contentprovider/0/1/mediakey%3A%2Flocal%253A9b40cd99-70db-4701-84c5-04306e5fd837/ORIGINAL/NONE/547684000 evo-lutio/images/comments/706087-066
[URL=http://www.radikal.ru][IMG]https://a.radikal.ru/a40/1801/db/57100a071e2a.jpg[/IMG][/URL] evo-lutio/images/comments/613782-002.URL]
 evo-lutio/images/comments/552961-008
 evo-lutio/images/comments/545650-002
https://kp.cdn.yandex.net/568018/1_37070.jpg evo-lutio/images/comments/537722-081.jpg
 evo-lutio/images/comments/537722-118
 evo-lutio/images/comments/537722-130
 evo-lutio/images/comments/537722-134
 evo-lutio/images/comments/529909-007
 evo-lutio/images/comments/529909-055
 evo-lutio/images/comments/529909-057
/storage/emulated/0/Download/lj_1368531998_2.jpg evo-lutio/images/comments/529909-069.jpg
content://com.google.android.apps.photos.contentprovider/0/1/mediakey%3A%2Flocal%253A9b40cd99-70db-4701-84c5-04306e5fd837/ORIGINAL/NONE/547684000 evo-lutio/images/comments/706087-066
[URL=http://www.radikal.ru][IMG]https://a.radikal.ru/a40/1801/db/57100a071e2a.jpg[/IMG][/URL] evo-lutio/images/comments/613782-002.URL]
 evo-lutio/images/comments/552961-008
 evo-lutio/images/comments/545650-002
https://kp.cdn.yandex.net/568018/1_37070.jpg evo-lutio/images/comments/537722-081.jpg
 evo-lutio/images/comments/537722-118
 evo-lutio/images/comments/537722-130
 evo-lutio/images/comments/537722-134
 evo-lutio/images/comments/529909-007
 evo-lutio/images/comments/529909-055
 evo-lutio/images/comments/529909-057
/storage/emulated/0/Download/lj_1368531998_2.jpg evo-lutio/images/comments/529909-069.jpg
content://com.google.android.apps.photos.contentprovider/0/1/mediakey%3A%2Flocal%253A9b40cd99-70db-4701-84c5-04306e5fd837/ORIGINAL/NONE/547684000 evo-lutio/images/comments/706087-066
[URL=http://www.radikal.ru][IMG]https://a.radikal.ru/a40/1801/db/57100a071e2a.jpg[/IMG][/URL] evo-lutio/images/comments/613782-002.URL]
 evo-lutio/images/comments/552961-008
 evo-lutio/images/comments/545650-002
https://kp.cdn.yandex.net/568018/1_37070.jpg evo-lutio/images/comments/537722-081.jpg
 evo-lutio/images/comments/537722-118
 evo-lutio/images/comments/537722-130
 evo-lutio/images/comments/537722-134
 evo-lutio/images/comments/529909-007
 evo-lutio/images/comments/529909-055
 evo-lutio/images/comments/529909-057
/storage/emulated/0/Download/lj_1368531998_2.jpg evo-lutio/images/comments/529909-069.jpg
/storage/extSdCard/DCIM/Camera/lj_20161007_165615-1.jpg evo-lutio/images/comments/362598-008.jpg
https://s31.postimg.org/8qduv1q23/rapunzel_exc.jpg evo-lutio/images/comments/331676-001.jpg
/storage/sdcard1/изобр/работы/lj_P1210555.JPG evo-lutio/images/comments/323739-155.JPG
{url} evo-lutio/images/comments/306086-469
https://imgprx.livejournal.net/8df50ca4ce6cc1dea3c47f2119de215b380cc6b6/mxJmycwnz8jJJlwftbsJTUGVHB8eig4Hdfe1b5YQnaD1X0y-N6B5SnPso6xLyWMTVEidaXt_RblZ31jqfSjdBo0QLPkkMVtcncqOdf3F_Hk evo-lutio/images/comments/304464-162
content://com.google.android.apps.photos.contentprovider/0/1/mediakey%3A%2Flocal%253A9b40cd99-70db-4701-84c5-04306e5fd837/ORIGINAL/NONE/547684000 evo-lutio/images/comments/706087-57879591-003
[URL=http://www.radikal.ru][IMG]https://a.radikal.ru/a40/1801/db/57100a071e2a.jpg[/IMG][/URL] evo-lutio/images/comments/613782-53031830-001.URL]
 evo-lutio/images/comments/552961-50644225-005
 evo-lutio/images/comments/545650-50402418-002
https://kp.cdn.yandex.net/568018/1_37070.jpg evo-lutio/images/comments/537722-50068602-012.jpg
 evo-lutio/images/comments/537722-50088314-002
 evo-lutio/images/comments/537722-50093690-002
 evo-lutio/images/comments/537722-50093690-006
 evo-lutio/images/comments/529909-49692661-005
 evo-lutio/images/comments/529909-49699061-005
 evo-lutio/images/comments/529909-49699061-007
/storage/emulated/0/Download/lj_1368531998_2.jpg evo-lutio/images/comments/529909-49700085-003.jpg
content://com.google.android.apps.photos.contentprovider/0/1/mediakey%3A%2Flocal%253A9b40cd99-70db-4701-84c5-04306e5fd837/ORIGINAL/NONE/547684000 evo-lutio/images/comments/706087-57879591-003
[URL=http://www.radikal.ru][IMG]https://a.radikal.ru/a40/1801/db/57100a071e2a.jpg[/IMG][/URL] evo-lutio/images/comments/613782-53031830-001
 evo-lutio/images/comments/552961-50644225-005
 evo-lutio/images/comments/545650-50402418-002
https://kp.cdn.yandex.net/568018/1_37070.jpg evo-lutio/images/comments/537722-50068602-012.jpg
 evo-lutio/images/comments/537722-50088314-002
 evo-lutio/images/comments/537722-50093690-002
 evo-lutio/images/comments/537722-50093690-006
 evo-lutio/images/comments/529909-49692661-005
 evo-lutio/images/comments/529909-49699061-005
 evo-lutio/images/comments/529909-49699061-007
/storage/emulated/0/Download/lj_1368531998_2.jpg evo-lutio/images/comments/529909-49700085-003.jpg
/storage/extSdCard/DCIM/Camera/lj_20161007_165615-1.jpg evo-lutio/images/comments/362598-42144870-001.jpg
https://s31.postimg.org/8qduv1q23/rapunzel_exc.jpg evo-lutio/images/comments/331676-39434908-001.jpg
/storage/sdcard1/изобр/работы/lj_P1210555.JPG evo-lutio/images/comments/323739-38537883-001.jpg
{url} evo-lutio/images/comments/306086-36725158-004
content://com.google.android.apps.photos.contentprovider/0/1/mediakey%3A%2Flocal%253A9b40cd99-70db-4701-84c5-04306e5fd837/ORIGINAL/NONE/547684000 evo-lutio/images/comments/706087-57879591-003
content://com.google.android.apps.photos.contentprovider/0/1/mediakey%3A%2Flocal%253A9b40cd99-70db-4701-84c5-04306e5fd837/ORIGINAL/NONE/547684000 evo-lutio/images/comments/706087-57879591-003
[URL=http://www.radikal.ru][IMG]https://a.radikal.ru/a40/1801/db/57100a071e2a.jpg[/IMG][/URL] evo-lutio/images/comments/613782-53031830-001
 evo-lutio/images/comments/552961-50644225-005
 evo-lutio/images/comments/545650-50402418-002
https://kp.cdn.yandex.net/568018/1_37070.jpg evo-lutio/images/comments/537722-50068602-012.jpg
 evo-lutio/images/comments/537722-50088314-002
 evo-lutio/images/comments/537722-50093690-002
 evo-lutio/images/comments/537722-50093690-006
 evo-lutio/images/comments/529909-49692661-005
 evo-lutio/images/comments/529909-49699061-005
 evo-lutio/images/comments/529909-49699061-007
/storage/emulated/0/Download/lj_1368531998_2.jpg evo-lutio/images/comments/529909-49700085-003.jpg
/storage/extSdCard/DCIM/Camera/lj_20161007_165615-1.jpg evo-lutio/images/comments/362598-42144870-001.jpg
https://s31.postimg.org/8qduv1q23/rapunzel_exc.jpg evo-lutio/images/comments/331676-39434908-001.jpg
/storage/sdcard1/изобр/работы/lj_P1210555.JPG evo-lutio/images/comments/323739-38537883-001.jpg
{url} evo-lutio/images/comments/306086-36725158-004
/storage/3162-3334/DCIM/Camera/lj_IMG_20180805_120117.jpg evo-lutio/images/comments/840374-65586102-001.jpg
/storage/3162-3334/DCIM/Camera/lj_IMG_20190217_143604.jpg evo-lutio/images/comments/840374-65586870-001.jpg
/storage/3162-3334/DCIM/Camera/lj_IMG_20180805_120117.jpg evo-lutio/images/comments/840374-65586102-001.jpg
/storage/3162-3334/DCIM/Camera/lj_IMG_20190217_143604.jpg evo-lutio/images/comments/840374-65586870-001.jpg
https://66.media.tumblr.com/f9d230accf7f5915b47b0802857c9c1c/tumblr_n2d5yaM1x01ry501jo3_400.gifv evo-lutio/images/comments/759486-60773822-001
https://66.media.tumblr.com/cc1740c70f3184169d26e5179338e414/tumblr_n2d5yaM1x01ry501jo4_400.gifv evo-lutio/images/comments/759486-60773822-002
/storage/6330-6430/DCIM/Screenshots/lj_IMG_20190406_145452.jpg evo-lutio/images/comments/893690-69816314-001.jpg
/storage/3162-3334/DCIM/Camera/lj_IMG_20180805_120117.jpg evo-lutio/images/comments/840374-65586102-001.jpg
/storage/3162-3334/DCIM/Camera/lj_IMG_20190217_143604.jpg evo-lutio/images/comments/840374-65586870-001.jpg
/storage/6330-6430/DCIM/Screenshots/lj_IMG_20190406_145452.jpg evo-lutio/images/comments/893690-69816314-001.jpg
/storage/3162-3334/DCIM/Camera/lj_IMG_20180805_120117.jpg evo-lutio/images/comments/840374-65586102-001.jpg
/storage/3162-3334/DCIM/Camera/lj_IMG_20190217_143604.jpg evo-lutio/images/comments/840374-65586870-001.jpg
/storage/6330-6430/DCIM/Screenshots/lj_IMG_20190406_145452.jpg evo-lutio/images/comments/893690-69816314-001.jpg
/storage/3162-3334/DCIM/Camera/lj_IMG_20180805_120117.jpg evo-lutio/images/comments/840374-65586102-001.jpg
/storage/3162-3334/DCIM/Camera/lj_IMG_20190217_143604.jpg evo-lutio/images/comments/840374-65586870-001.jpg
https://66.media.tumblr.com/f9d230accf7f5915b47b0802857c9c1c/tumblr_n2d5yaM1x01ry501jo3_400.gifv evo-lutio/images/comments/759486-60773822-001
https://66.media.tumblr.com/cc1740c70f3184169d26e5179338e414/tumblr_n2d5yaM1x01ry501jo4_400.gifv evo-lutio/images/comments/759486-60773822-002
content://com.google.android.apps.photos.contentprovider/0/1/mediakey%3A%2Flocal%253A9b40cd99-70db-4701-84c5-04306e5fd837/ORIGINAL/NONE/547684000 evo-lutio/images/comments/706087-57879591-003
